This file contains any messages produced by compilers while
running configure, to aid debugging if configure makes a mistake.

It was created by GEMTools configure 1.0, which was
generated by GNU Autoconf 2.69.  Invocation command line was

  $ ./configure 

## --------- ##
## Platform. ##
## --------- ##

hostname = thor
uname -m = x86_64
uname -r = 5.3.13-arch1-1
uname -s = Linux
uname -v = #1 SMP PREEMPT Sun, 24 Nov 2019 10:15:50 +0000

/usr/bin/uname -p = unknown
/bin/uname -X     = unknown

/bin/arch              = unknown
/usr/bin/arch -k       = unknown
/usr/convex/getsysinfo = unknown
/usr/bin/hostinfo      = unknown
/bin/machine           = unknown
/usr/bin/oslevel       = unknown
/bin/universe          = unknown

PATH: /home/heath/bin
PATH: /home/heath/.local/bin
PATH: /home/heath/bin
PATH: /home/heath/.local/bin
PATH: /usr/local/sbin
PATH: /usr/local/bin
PATH: /usr/bin
PATH: /usr/lib/jvm/default/bin
PATH: /usr/bin/site_perl
PATH: /usr/bin/vendor_perl
PATH: /usr/bin/core_perl


## ----------- ##
## Core tests. ##
## ----------- ##

configure:1819: checking for gcc
configure:1835: found /usr/bin/gcc
configure:1846: result: gcc
configure:2075: checking for C compiler version
configure:2084: gcc --version >&5
gcc (GCC) 9.2.0
Copyright (C) 2019 Free Software Foundation, Inc.
This is free software; see the source for copying conditions.  There is NO
warranty; not even for MERCHANTABILITY or FITNESS FOR A PARTICULAR PURPOSE.

configure:2095: $? = 0
configure:2084: gcc -v >&5
Using built-in specs.
COLLECT_GCC=gcc
COLLECT_LTO_WRAPPER=/usr/lib/gcc/x86_64-pc-linux-gnu/9.2.0/lto-wrapper
Target: x86_64-pc-linux-gnu
Configured with: /build/gcc/src/gcc/configure --prefix=/usr --libdir=/usr/lib --libexecdir=/usr/lib --mandir=/usr/share/man --infodir=/usr/share/info --with-bugurl=https://bugs.archlinux.org/ --enable-languages=c,c++,ada,fortran,go,lto,objc,obj-c++,d --enable-shared --enable-threads=posix --with-system-zlib --with-isl --enable-__cxa_atexit --disable-libunwind-exceptions --enable-clocale=gnu --disable-libstdcxx-pch --disable-libssp --enable-gnu-unique-object --enable-linker-build-id --enable-lto --enable-plugin --enable-install-libiberty --with-linker-hash-style=gnu --enable-gnu-indirect-function --enable-multilib --disable-werror --enable-checking=release --enable-default-pie --enable-default-ssp --enable-cet=auto gdc_include_dir=/usr/include/dlang/gdc
Thread model: posix
gcc version 9.2.0 (GCC) 
configure:2095: $? = 0
configure:2084: gcc -V >&5
gcc: error: unrecognized command line option '-V'
gcc: fatal error: no input files
compilation terminated.
configure:2095: $? = 1
configure:2084: gcc -qversion >&5
gcc: error: unrecognized command line option '-qversion'; did you mean '--version'?
gcc: fatal error: no input files
compilation terminated.
configure:2095: $? = 1
configure:2115: checking whether the C compiler works
configure:2137: gcc    conftest.c  >&5
configure:2141: $? = 0
configure:2189: result: yes
configure:2192: checking for C compiler default output file name
configure:2194: result: a.out
configure:2200: checking for suffix of executables
configure:2207: gcc -o conftest    conftest.c  >&5
configure:2211: $? = 0
configure:2233: result: 
configure:2255: checking whether we are cross compiling
configure:2263: gcc -o conftest    conftest.c  >&5
configure:2267: $? = 0
configure:2274: ./conftest
configure:2278: $? = 0
configure:2266: result: no
configure:2271: checking for suffix of object files
configure:2293: gcc -c   conftest.c >&5
configure:2297: $? = 0
configure:2318: result: o
configure:2322: checking whether we are using the GNU C compiler
configure:2341: gcc -c   conftest.c >&5
configure:2341: $? = 0
configure:2350: result: yes
configure:2359: checking whether gcc accepts -g
configure:2379: gcc -c -g  conftest.c >&5
configure:2379: $? = 0
configure:2420: result: yes
configure:2437: checking for gcc option to accept ISO C89
configure:2500: gcc  -c -g -O2  conftest.c >&5
configure:2500: $? = 0
configure:2513: result: none needed
configure:2534: checking for gzopen in -lz
configure:2559: gcc -o conftest -g -O2   conftest.c -lz   >&5
configure:2559: $? = 0
configure:2568: result: yes
configure:2575: checking for BZ2_bzReadOpen in -lbz2
configure:2600: gcc -o conftest -g -O2   conftest.c -lbz2   >&5
configure:2600: $? = 0
configure:2609: result: yes
configure:2761: creating ./config.status

## ---------------------- ##
## Running config.status. ##
## ---------------------- ##

This file was extended by GEMTools config.status 1.0, which was
generated by GNU Autoconf 2.69.  Invocation command line was

  CONFIG_FILES    = 
  CONFIG_HEADERS  = 
  CONFIG_LINKS    = 
  CONFIG_COMMANDS = 
  $ ./config.status 

on thor

config.status:717: creating Makefile.mk

## ---------------- ##
## Cache variables. ##
## ---------------- ##

ac_cv_c_compiler_gnu=yes
ac_cv_env_CC_set=
ac_cv_env_CC_value=
ac_cv_env_CFLAGS_set=
ac_cv_env_CFLAGS_value=
ac_cv_env_CPPFLAGS_set=
ac_cv_env_CPPFLAGS_value=
ac_cv_env_LDFLAGS_set=
ac_cv_env_LDFLAGS_value=
ac_cv_env_LIBS_set=
ac_cv_env_LIBS_value=
ac_cv_env_build_alias_set=
ac_cv_env_build_alias_value=
ac_cv_env_host_alias_set=
ac_cv_env_host_alias_value=
ac_cv_env_target_alias_set=
ac_cv_env_target_alias_value=
ac_cv_lib_bz2_BZ2_bzReadOpen=yes
ac_cv_lib_z_gzopen=yes
ac_cv_objext=o
ac_cv_prog_ac_ct_CC=gcc
ac_cv_prog_cc_c89=
ac_cv_prog_cc_g=yes

## ----------------- ##
## Output variables. ##
## ----------------- ##

CC='gcc'
CFLAGS='-g -O2'
CPPFLAGS=''
DEFS='-DPACKAGE_NAME=\"GEMTools\" -DPACKAGE_TARNAME=\"gemtools\" -DPACKAGE_VERSION=\"1.0\" -DPACKAGE_STRING=\"GEMTools\ 1.0\" -DPACKAGE_BUGREPORT=\"\" -DPACKAGE_URL=\"\"'
ECHO_C=''
ECHO_N='-n'
ECHO_T=''
EXEEXT=''
HAVE_BZLIB='1'
HAVE_ZLIB='1'
LDFLAGS=''
LIBOBJS=''
LIBS=''
LTLIBOBJS=''
OBJEXT='o'
PACKAGE_BUGREPORT=''
PACKAGE_NAME='GEMTools'
PACKAGE_STRING='GEMTools 1.0'
PACKAGE_TARNAME='gemtools'
PACKAGE_URL=''
PACKAGE_VERSION='1.0'
PATH_SEPARATOR=':'
SHELL='/bin/sh'
ac_ct_CC='gcc'
bindir='${exec_prefix}/bin'
build_alias=''
datadir='${datarootdir}'
datarootdir='${prefix}/share'
docdir='${datarootdir}/doc/${PACKAGE_TARNAME}'
dvidir='${docdir}'
exec_prefix='${prefix}'
host_alias=''
htmldir='${docdir}'
includedir='${prefix}/include'
infodir='${datarootdir}/info'
libdir='${exec_prefix}/lib'
libexecdir='${exec_prefix}/libexec'
localedir='${datarootdir}/locale'
localstatedir='${prefix}/var'
mandir='${datarootdir}/man'
oldincludedir='/usr/include'
pdfdir='${docdir}'
prefix='/usr/local'
program_transform_name='s,x,x,'
psdir='${docdir}'
sbindir='${exec_prefix}/sbin'
sharedstatedir='${prefix}/com'
sysconfdir='${prefix}/etc'
target_alias=''

## ----------- ##
## confdefs.h. ##
## ----------- ##

/* confdefs.h */
#define PACKAGE_NAME "GEMTools"
#define PACKAGE_TARNAME "gemtools"
#define PACKAGE_VERSION "1.0"
#define PACKAGE_STRING "GEMTools 1.0"
#define PACKAGE_BUGREPORT ""
#define PACKAGE_URL ""

configure: exit 0
