Grammar

  Number, Line, Rule
    1  60 document -> element misc
    2  61 document -> prolog element misc
    3  63 prolog -> xmldecl misc1
    4  66 misc1 -> misc
    5  68 eq -> EQ
    6  69 eq -> SPACE EQ
    7  70 eq -> SPACE EQ SPACE
    8  71 eq -> EQ SPACE
    9  74 pi_start -> OPEN QMARK
   10  76 xmldecl -> pi_start XMLTOK att_list opt_space QCLOSE
   11  78 pi -> pi_start name SPACE cdata QCLOSE
   12  79 pi -> pi_start name opt_space QCLOSE
   13  81 char -> LETTER
   14  82 char -> DIGIT
   15  83 char -> cgroup2
   16  84 char -> OPEN
   17  85 char -> CLOSE
   18  86 char -> CHAR
   19  87 char -> QMARK
   20  89 char1 -> LETTER
   21  90 char1 -> DIGIT
   22  91 char1 -> cgroup2
   23  92 char1 -> CLOSE
   24  93 char1 -> CHAR
   25  94 char1 -> QMARK
   26  96 char2 -> LETTER
   27  97 char2 -> DIGIT
   28  98 char2 -> cgroup1
   29  99 char2 -> CLOSE
   30 100 char2 -> CHAR
   31 101 char2 -> QMARK
   32 103 cgroup2 -> DOT
   33 104 cgroup2 -> USCORE
   34 105 cgroup2 -> COLON
   35 107 cgroup1 -> DASH
   36 108 cgroup1 -> DOT
   37 109 cgroup1 -> USCORE
   38 110 cgroup1 -> COLON
   39 112 name_char -> LETTER
   40 113 name_char -> DIGIT
   41 114 name_char -> cgroup1
   42 116 name_char1 -> LETTER
   43 117 name_char1 -> DIGIT
   44 118 name_char1 -> USCORE
   45 119 name_char1 -> COLON
   46 121 name -> name_char1
   47 122 name -> name name_char
   48 124 misc -> comment
   49 125 misc -> pi
   50 126 misc -> SPACE
   51 129 comment_content -> char
   52 130 comment_content -> SPACE
   53 131 comment_content -> DASH char
   54 132 comment_content -> comment_content char
   55 133 comment_content -> comment_content SPACE
   56 134 comment_content -> comment_content DASH char
   57 135 comment_content -> comment_content DASH SPACE
   58 137 @1 -> /* empty */
   59 137 comment -> OPEN BANG @1 DOUBLEDASH comment_content DOUBLEDASH CLOSE
   60 139 element -> empty_elem
   61 140 element -> start_tag content end_tag
   62 142 start1 -> OPEN name
   63 144 start_tag -> start1 att_list CLOSE
   64 145 start_tag -> start1 opt_space CLOSE
   65 147 att_list -> attribute
   66 148 att_list -> att_list attribute
   67 150 attribute -> SPACE name eq att_value
   68 152 att_value -> SQ att_val1 SQ
   69 153 att_value -> DQ att_val1 DQ
   70 155 att_val1 -> char2
   71 156 att_val1 -> SPACE
   72 157 att_val1 -> att_val1 char2
   73 158 att_val1 -> att_val1 SPACE
   74 160 opt_space -> /* empty */
   75 161 opt_space -> SPACE
   76 163 end_tag -> END name opt_space CLOSE
   77 165 empty_elem -> start1 att_list SLASH CLOSE
   78 167 cdata -> char1
   79 168 cdata -> SPACE
   80 169 cdata -> cdata char1
   81 170 cdata -> cdata SPACE
   82 172 content -> cdata
   83 173 content -> content1
   84 174 content -> content content1
   85 176 content1 -> element
   86 177 content1 -> element cdata
   87 178 content1 -> comment
   88 179 content1 -> comment cdata


Terminals, with rules where they appear

$ (-1)
error (256)
EQ (257) 5 6 7 8
OPEN (258) 9 16 59 62
END (259) 76
XMLTOK (260) 10
DOUBLEDASH (261) 59
QCLOSE (262) 10 11 12
LETTER (263) 13 20 26 39 42
DIGIT (264) 14 21 27 40 43
SQ (265) 68
DQ (266) 69
DASH (267) 35 53 56 57
DOT (268) 32 36
USCORE (269) 33 37 44
COLON (270) 34 38 45
CHAR (271) 18 24 30
CLOSE (272) 17 23 29 59 63 64 76 77
SLASH (273) 77
QMARK (274) 9 19 25 31
BANG (275) 59
SPACE (276) 6 7 8 11 50 52 55 57 67 71 73 75 79 81


Nonterminals, with rules where they appear

document (23)
    on left: 1 2
prolog (24)
    on left: 3, on right: 2
misc1 (25)
    on left: 4, on right: 3
eq (26)
    on left: 5 6 7 8, on right: 67
pi_start (27)
    on left: 9, on right: 10 11 12
xmldecl (28)
    on left: 10, on right: 3
pi (29)
    on left: 11 12, on right: 49
char (30)
    on left: 13 14 15 16 17 18 19, on right: 51 53 54 56
char1 (31)
    on left: 20 21 22 23 24 25, on right: 78 80
char2 (32)
    on left: 26 27 28 29 30 31, on right: 70 72
cgroup2 (33)
    on left: 32 33 34, on right: 15 22
cgroup1 (34)
    on left: 35 36 37 38, on right: 28 41
name_char (35)
    on left: 39 40 41, on right: 47
name_char1 (36)
    on left: 42 43 44 45, on right: 46
name (37)
    on left: 46 47, on right: 11 12 47 62 67 76
misc (38)
    on left: 48 49 50, on right: 1 2 4
comment_content (39)
    on left: 51 52 53 54 55 56 57, on right: 54 55 56 57 59
comment (40)
    on left: 59, on right: 48 87 88
@1 (41)
    on left: 58, on right: 59
element (42)
    on left: 60 61, on right: 1 2 85 86
start1 (43)
    on left: 62, on right: 63 64 77
start_tag (44)
    on left: 63 64, on right: 61
att_list (45)
    on left: 65 66, on right: 10 63 66 77
attribute (46)
    on left: 67, on right: 65 66
att_value (47)
    on left: 68 69, on right: 67
att_val1 (48)
    on left: 70 71 72 73, on right: 68 69 72 73
opt_space (49)
    on left: 74 75, on right: 10 12 64 76
end_tag (50)
    on left: 76, on right: 61
empty_elem (51)
    on left: 77, on right: 60
cdata (52)
    on left: 78 79 80 81, on right: 11 80 81 82 86 88
content (53)
    on left: 82 83 84, on right: 61 84
content1 (54)
    on left: 85 86 87 88, on right: 83 84


state 0

    OPEN	shift, and go to state 1

    document	go to state 129
    prolog	go to state 2
    pi_start	go to state 3
    xmldecl	go to state 4
    element	go to state 5
    start1	go to state 6
    start_tag	go to state 7
    empty_elem	go to state 8



state 1

    pi_start  ->  OPEN . QMARK   (rule 9)
    start1  ->  OPEN . name   (rule 62)

    LETTER	shift, and go to state 9
    DIGIT	shift, and go to state 10
    USCORE	shift, and go to state 11
    COLON	shift, and go to state 12
    QMARK	shift, and go to state 13

    name_char1	go to state 14
    name	go to state 15



state 2

    document  ->  prolog . element misc   (rule 2)

    OPEN	shift, and go to state 16

    element	go to state 17
    start1	go to state 6
    start_tag	go to state 7
    empty_elem	go to state 8



state 3

    xmldecl  ->  pi_start . XMLTOK att_list opt_space QCLOSE   (rule 10)

    XMLTOK	shift, and go to state 18



state 4

    prolog  ->  xmldecl . misc1   (rule 3)

    OPEN	shift, and go to state 19
    SPACE	shift, and go to state 20

    misc1	go to state 21
    pi_start	go to state 22
    pi  	go to state 23
    misc	go to state 24
    comment	go to state 25



state 5

    document  ->  element . misc   (rule 1)

    OPEN	shift, and go to state 19
    SPACE	shift, and go to state 20

    pi_start	go to state 22
    pi  	go to state 23
    misc	go to state 26
    comment	go to state 25



state 6

    start_tag  ->  start1 . att_list CLOSE   (rule 63)
    start_tag  ->  start1 . opt_space CLOSE   (rule 64)
    empty_elem  ->  start1 . att_list SLASH CLOSE   (rule 77)

    SPACE	shift, and go to state 27

    $default	reduce using rule 74 (opt_space)

    att_list	go to state 28
    attribute	go to state 29
    opt_space	go to state 30



state 7

    element  ->  start_tag . content end_tag   (rule 61)

    OPEN	shift, and go to state 31
    LETTER	shift, and go to state 32
    DIGIT	shift, and go to state 33
    DOT 	shift, and go to state 34
    USCORE	shift, and go to state 35
    COLON	shift, and go to state 36
    CHAR	shift, and go to state 37
    CLOSE	shift, and go to state 38
    QMARK	shift, and go to state 39
    SPACE	shift, and go to state 40

    char1	go to state 41
    cgroup2	go to state 42
    comment	go to state 43
    element	go to state 44
    start1	go to state 6
    start_tag	go to state 7
    empty_elem	go to state 8
    cdata	go to state 45
    content	go to state 46
    content1	go to state 47



state 8

    element  ->  empty_elem .   (rule 60)

    $default	reduce using rule 60 (element)



state 9

    name_char1  ->  LETTER .   (rule 42)

    $default	reduce using rule 42 (name_char1)



state 10

    name_char1  ->  DIGIT .   (rule 43)

    $default	reduce using rule 43 (name_char1)



state 11

    name_char1  ->  USCORE .   (rule 44)

    $default	reduce using rule 44 (name_char1)



state 12

    name_char1  ->  COLON .   (rule 45)

    $default	reduce using rule 45 (name_char1)



state 13

    pi_start  ->  OPEN QMARK .   (rule 9)

    $default	reduce using rule 9 (pi_start)



state 14

    name  ->  name_char1 .   (rule 46)

    $default	reduce using rule 46 (name)



state 15

    name  ->  name . name_char   (rule 47)
    start1  ->  OPEN name .   (rule 62)

    LETTER	shift, and go to state 48
    DIGIT	shift, and go to state 49
    DASH	shift, and go to state 50
    DOT 	shift, and go to state 51
    USCORE	shift, and go to state 52
    COLON	shift, and go to state 53

    $default	reduce using rule 62 (start1)

    cgroup1	go to state 54
    name_char	go to state 55



state 16

    start1  ->  OPEN . name   (rule 62)

    LETTER	shift, and go to state 9
    DIGIT	shift, and go to state 10
    USCORE	shift, and go to state 11
    COLON	shift, and go to state 12

    name_char1	go to state 14
    name	go to state 15



state 17

    document  ->  prolog element . misc   (rule 2)

    OPEN	shift, and go to state 19
    SPACE	shift, and go to state 20

    pi_start	go to state 22
    pi  	go to state 23
    misc	go to state 56
    comment	go to state 25



state 18

    xmldecl  ->  pi_start XMLTOK . att_list opt_space QCLOSE   (rule 10)

    SPACE	shift, and go to state 57

    att_list	go to state 58
    attribute	go to state 29



state 19

    pi_start  ->  OPEN . QMARK   (rule 9)
    comment  ->  OPEN . BANG @1 DOUBLEDASH comment_content DOUBLEDASH CLOSE   (rule 59)

    QMARK	shift, and go to state 13
    BANG	shift, and go to state 59



state 20

    misc  ->  SPACE .   (rule 50)

    $default	reduce using rule 50 (misc)



state 21

    prolog  ->  xmldecl misc1 .   (rule 3)

    $default	reduce using rule 3 (prolog)



state 22

    pi  ->  pi_start . name SPACE cdata QCLOSE   (rule 11)
    pi  ->  pi_start . name opt_space QCLOSE   (rule 12)

    LETTER	shift, and go to state 9
    DIGIT	shift, and go to state 10
    USCORE	shift, and go to state 11
    COLON	shift, and go to state 12

    name_char1	go to state 14
    name	go to state 60



state 23

    misc  ->  pi .   (rule 49)

    $default	reduce using rule 49 (misc)



state 24

    misc1  ->  misc .   (rule 4)

    $default	reduce using rule 4 (misc1)



state 25

    misc  ->  comment .   (rule 48)

    $default	reduce using rule 48 (misc)



state 26

    document  ->  element misc .   (rule 1)

    $default	reduce using rule 1 (document)



state 27

    attribute  ->  SPACE . name eq att_value   (rule 67)
    opt_space  ->  SPACE .   (rule 75)

    LETTER	shift, and go to state 9
    DIGIT	shift, and go to state 10
    USCORE	shift, and go to state 11
    COLON	shift, and go to state 12

    $default	reduce using rule 75 (opt_space)

    name_char1	go to state 14
    name	go to state 61



state 28

    start_tag  ->  start1 att_list . CLOSE   (rule 63)
    att_list  ->  att_list . attribute   (rule 66)
    empty_elem  ->  start1 att_list . SLASH CLOSE   (rule 77)

    CLOSE	shift, and go to state 62
    SLASH	shift, and go to state 63
    SPACE	shift, and go to state 57

    attribute	go to state 64



state 29

    att_list  ->  attribute .   (rule 65)

    $default	reduce using rule 65 (att_list)



state 30

    start_tag  ->  start1 opt_space . CLOSE   (rule 64)

    CLOSE	shift, and go to state 65



state 31

    comment  ->  OPEN . BANG @1 DOUBLEDASH comment_content DOUBLEDASH CLOSE   (rule 59)
    start1  ->  OPEN . name   (rule 62)

    LETTER	shift, and go to state 9
    DIGIT	shift, and go to state 10
    USCORE	shift, and go to state 11
    COLON	shift, and go to state 12
    BANG	shift, and go to state 59

    name_char1	go to state 14
    name	go to state 15



state 32

    char1  ->  LETTER .   (rule 20)

    $default	reduce using rule 20 (char1)



state 33

    char1  ->  DIGIT .   (rule 21)

    $default	reduce using rule 21 (char1)



state 34

    cgroup2  ->  DOT .   (rule 32)

    $default	reduce using rule 32 (cgroup2)



state 35

    cgroup2  ->  USCORE .   (rule 33)

    $default	reduce using rule 33 (cgroup2)



state 36

    cgroup2  ->  COLON .   (rule 34)

    $default	reduce using rule 34 (cgroup2)



state 37

    char1  ->  CHAR .   (rule 24)

    $default	reduce using rule 24 (char1)



state 38

    char1  ->  CLOSE .   (rule 23)

    $default	reduce using rule 23 (char1)



state 39

    char1  ->  QMARK .   (rule 25)

    $default	reduce using rule 25 (char1)



state 40

    cdata  ->  SPACE .   (rule 79)

    $default	reduce using rule 79 (cdata)



state 41

    cdata  ->  char1 .   (rule 78)

    $default	reduce using rule 78 (cdata)



state 42

    char1  ->  cgroup2 .   (rule 22)

    $default	reduce using rule 22 (char1)



state 43

    content1  ->  comment .   (rule 87)
    content1  ->  comment . cdata   (rule 88)

    LETTER	shift, and go to state 32
    DIGIT	shift, and go to state 33
    DOT 	shift, and go to state 34
    USCORE	shift, and go to state 35
    COLON	shift, and go to state 36
    CHAR	shift, and go to state 37
    CLOSE	shift, and go to state 38
    QMARK	shift, and go to state 39
    SPACE	shift, and go to state 40

    $default	reduce using rule 87 (content1)

    char1	go to state 41
    cgroup2	go to state 42
    cdata	go to state 66



state 44

    content1  ->  element .   (rule 85)
    content1  ->  element . cdata   (rule 86)

    LETTER	shift, and go to state 32
    DIGIT	shift, and go to state 33
    DOT 	shift, and go to state 34
    USCORE	shift, and go to state 35
    COLON	shift, and go to state 36
    CHAR	shift, and go to state 37
    CLOSE	shift, and go to state 38
    QMARK	shift, and go to state 39
    SPACE	shift, and go to state 40

    $default	reduce using rule 85 (content1)

    char1	go to state 41
    cgroup2	go to state 42
    cdata	go to state 67



state 45

    cdata  ->  cdata . char1   (rule 80)
    cdata  ->  cdata . SPACE   (rule 81)
    content  ->  cdata .   (rule 82)

    LETTER	shift, and go to state 32
    DIGIT	shift, and go to state 33
    DOT 	shift, and go to state 34
    USCORE	shift, and go to state 35
    COLON	shift, and go to state 36
    CHAR	shift, and go to state 37
    CLOSE	shift, and go to state 38
    QMARK	shift, and go to state 39
    SPACE	shift, and go to state 68

    $default	reduce using rule 82 (content)

    char1	go to state 69
    cgroup2	go to state 42



state 46

    element  ->  start_tag content . end_tag   (rule 61)
    content  ->  content . content1   (rule 84)

    OPEN	shift, and go to state 31
    END 	shift, and go to state 70

    comment	go to state 43
    element	go to state 44
    start1	go to state 6
    start_tag	go to state 7
    end_tag	go to state 71
    empty_elem	go to state 8
    content1	go to state 72



state 47

    content  ->  content1 .   (rule 83)

    $default	reduce using rule 83 (content)



state 48

    name_char  ->  LETTER .   (rule 39)

    $default	reduce using rule 39 (name_char)



state 49

    name_char  ->  DIGIT .   (rule 40)

    $default	reduce using rule 40 (name_char)



state 50

    cgroup1  ->  DASH .   (rule 35)

    $default	reduce using rule 35 (cgroup1)



state 51

    cgroup1  ->  DOT .   (rule 36)

    $default	reduce using rule 36 (cgroup1)



state 52

    cgroup1  ->  USCORE .   (rule 37)

    $default	reduce using rule 37 (cgroup1)



state 53

    cgroup1  ->  COLON .   (rule 38)

    $default	reduce using rule 38 (cgroup1)



state 54

    name_char  ->  cgroup1 .   (rule 41)

    $default	reduce using rule 41 (name_char)



state 55

    name  ->  name name_char .   (rule 47)

    $default	reduce using rule 47 (name)



state 56

    document  ->  prolog element misc .   (rule 2)

    $default	reduce using rule 2 (document)



state 57

    attribute  ->  SPACE . name eq att_value   (rule 67)

    LETTER	shift, and go to state 9
    DIGIT	shift, and go to state 10
    USCORE	shift, and go to state 11
    COLON	shift, and go to state 12

    name_char1	go to state 14
    name	go to state 61



state 58

    xmldecl  ->  pi_start XMLTOK att_list . opt_space QCLOSE   (rule 10)
    att_list  ->  att_list . attribute   (rule 66)

    SPACE	shift, and go to state 27

    $default	reduce using rule 74 (opt_space)

    attribute	go to state 64
    opt_space	go to state 73



state 59

    comment  ->  OPEN BANG . @1 DOUBLEDASH comment_content DOUBLEDASH CLOSE   (rule 59)

    $default	reduce using rule 58 (@1)

    @1  	go to state 74



state 60

    pi  ->  pi_start name . SPACE cdata QCLOSE   (rule 11)
    pi  ->  pi_start name . opt_space QCLOSE   (rule 12)
    name  ->  name . name_char   (rule 47)

    LETTER	shift, and go to state 48
    DIGIT	shift, and go to state 49
    DASH	shift, and go to state 50
    DOT 	shift, and go to state 51
    USCORE	shift, and go to state 52
    COLON	shift, and go to state 53
    SPACE	shift, and go to state 75

    $default	reduce using rule 74 (opt_space)

    cgroup1	go to state 54
    name_char	go to state 55
    opt_space	go to state 76



state 61

    name  ->  name . name_char   (rule 47)
    attribute  ->  SPACE name . eq att_value   (rule 67)

    EQ  	shift, and go to state 77
    LETTER	shift, and go to state 48
    DIGIT	shift, and go to state 49
    DASH	shift, and go to state 50
    DOT 	shift, and go to state 51
    USCORE	shift, and go to state 52
    COLON	shift, and go to state 53
    SPACE	shift, and go to state 78

    eq  	go to state 79
    cgroup1	go to state 54
    name_char	go to state 55



state 62

    start_tag  ->  start1 att_list CLOSE .   (rule 63)

    $default	reduce using rule 63 (start_tag)



state 63

    empty_elem  ->  start1 att_list SLASH . CLOSE   (rule 77)

    CLOSE	shift, and go to state 80



state 64

    att_list  ->  att_list attribute .   (rule 66)

    $default	reduce using rule 66 (att_list)



state 65

    start_tag  ->  start1 opt_space CLOSE .   (rule 64)

    $default	reduce using rule 64 (start_tag)



state 66

    cdata  ->  cdata . char1   (rule 80)
    cdata  ->  cdata . SPACE   (rule 81)
    content1  ->  comment cdata .   (rule 88)

    LETTER	shift, and go to state 32
    DIGIT	shift, and go to state 33
    DOT 	shift, and go to state 34
    USCORE	shift, and go to state 35
    COLON	shift, and go to state 36
    CHAR	shift, and go to state 37
    CLOSE	shift, and go to state 38
    QMARK	shift, and go to state 39
    SPACE	shift, and go to state 68

    $default	reduce using rule 88 (content1)

    char1	go to state 69
    cgroup2	go to state 42



state 67

    cdata  ->  cdata . char1   (rule 80)
    cdata  ->  cdata . SPACE   (rule 81)
    content1  ->  element cdata .   (rule 86)

    LETTER	shift, and go to state 32
    DIGIT	shift, and go to state 33
    DOT 	shift, and go to state 34
    USCORE	shift, and go to state 35
    COLON	shift, and go to state 36
    CHAR	shift, and go to state 37
    CLOSE	shift, and go to state 38
    QMARK	shift, and go to state 39
    SPACE	shift, and go to state 68

    $default	reduce using rule 86 (content1)

    char1	go to state 69
    cgroup2	go to state 42



state 68

    cdata  ->  cdata SPACE .   (rule 81)

    $default	reduce using rule 81 (cdata)



state 69

    cdata  ->  cdata char1 .   (rule 80)

    $default	reduce using rule 80 (cdata)



state 70

    end_tag  ->  END . name opt_space CLOSE   (rule 76)

    LETTER	shift, and go to state 9
    DIGIT	shift, and go to state 10
    USCORE	shift, and go to state 11
    COLON	shift, and go to state 12

    name_char1	go to state 14
    name	go to state 81



state 71

    element  ->  start_tag content end_tag .   (rule 61)

    $default	reduce using rule 61 (element)



state 72

    content  ->  content content1 .   (rule 84)

    $default	reduce using rule 84 (content)



state 73

    xmldecl  ->  pi_start XMLTOK att_list opt_space . QCLOSE   (rule 10)

    QCLOSE	shift, and go to state 82



state 74

    comment  ->  OPEN BANG @1 . DOUBLEDASH comment_content DOUBLEDASH CLOSE   (rule 59)

    DOUBLEDASH	shift, and go to state 83



state 75

    pi  ->  pi_start name SPACE . cdata QCLOSE   (rule 11)
    opt_space  ->  SPACE .   (rule 75)

    LETTER	shift, and go to state 32
    DIGIT	shift, and go to state 33
    DOT 	shift, and go to state 34
    USCORE	shift, and go to state 35
    COLON	shift, and go to state 36
    CHAR	shift, and go to state 37
    CLOSE	shift, and go to state 38
    QMARK	shift, and go to state 39
    SPACE	shift, and go to state 40

    $default	reduce using rule 75 (opt_space)

    char1	go to state 41
    cgroup2	go to state 42
    cdata	go to state 84



state 76

    pi  ->  pi_start name opt_space . QCLOSE   (rule 12)

    QCLOSE	shift, and go to state 85



state 77

    eq  ->  EQ .   (rule 5)
    eq  ->  EQ . SPACE   (rule 8)

    SPACE	shift, and go to state 86

    $default	reduce using rule 5 (eq)



state 78

    eq  ->  SPACE . EQ   (rule 6)
    eq  ->  SPACE . EQ SPACE   (rule 7)

    EQ  	shift, and go to state 87



state 79

    attribute  ->  SPACE name eq . att_value   (rule 67)

    SQ  	shift, and go to state 88
    DQ  	shift, and go to state 89

    att_value	go to state 90



state 80

    empty_elem  ->  start1 att_list SLASH CLOSE .   (rule 77)

    $default	reduce using rule 77 (empty_elem)



state 81

    name  ->  name . name_char   (rule 47)
    end_tag  ->  END name . opt_space CLOSE   (rule 76)

    LETTER	shift, and go to state 48
    DIGIT	shift, and go to state 49
    DASH	shift, and go to state 50
    DOT 	shift, and go to state 51
    USCORE	shift, and go to state 52
    COLON	shift, and go to state 53
    SPACE	shift, and go to state 91

    $default	reduce using rule 74 (opt_space)

    cgroup1	go to state 54
    name_char	go to state 55
    opt_space	go to state 92



state 82

    xmldecl  ->  pi_start XMLTOK att_list opt_space QCLOSE .   (rule 10)

    $default	reduce using rule 10 (xmldecl)



state 83

    comment  ->  OPEN BANG @1 DOUBLEDASH . comment_content DOUBLEDASH CLOSE   (rule 59)

    OPEN	shift, and go to state 93
    LETTER	shift, and go to state 94
    DIGIT	shift, and go to state 95
    DASH	shift, and go to state 96
    DOT 	shift, and go to state 34
    USCORE	shift, and go to state 35
    COLON	shift, and go to state 36
    CHAR	shift, and go to state 97
    CLOSE	shift, and go to state 98
    QMARK	shift, and go to state 99
    SPACE	shift, and go to state 100

    char	go to state 101
    cgroup2	go to state 102
    comment_content	go to state 103



state 84

    pi  ->  pi_start name SPACE cdata . QCLOSE   (rule 11)
    cdata  ->  cdata . char1   (rule 80)
    cdata  ->  cdata . SPACE   (rule 81)

    QCLOSE	shift, and go to state 104
    LETTER	shift, and go to state 32
    DIGIT	shift, and go to state 33
    DOT 	shift, and go to state 34
    USCORE	shift, and go to state 35
    COLON	shift, and go to state 36
    CHAR	shift, and go to state 37
    CLOSE	shift, and go to state 38
    QMARK	shift, and go to state 39
    SPACE	shift, and go to state 68

    char1	go to state 69
    cgroup2	go to state 42



state 85

    pi  ->  pi_start name opt_space QCLOSE .   (rule 12)

    $default	reduce using rule 12 (pi)



state 86

    eq  ->  EQ SPACE .   (rule 8)

    $default	reduce using rule 8 (eq)



state 87

    eq  ->  SPACE EQ .   (rule 6)
    eq  ->  SPACE EQ . SPACE   (rule 7)

    SPACE	shift, and go to state 105

    $default	reduce using rule 6 (eq)



state 88

    att_value  ->  SQ . att_val1 SQ   (rule 68)

    LETTER	shift, and go to state 106
    DIGIT	shift, and go to state 107
    DASH	shift, and go to state 50
    DOT 	shift, and go to state 51
    USCORE	shift, and go to state 52
    COLON	shift, and go to state 53
    CHAR	shift, and go to state 108
    CLOSE	shift, and go to state 109
    QMARK	shift, and go to state 110
    SPACE	shift, and go to state 111

    char2	go to state 112
    cgroup1	go to state 113
    att_val1	go to state 114



state 89

    att_value  ->  DQ . att_val1 DQ   (rule 69)

    LETTER	shift, and go to state 106
    DIGIT	shift, and go to state 107
    DASH	shift, and go to state 50
    DOT 	shift, and go to state 51
    USCORE	shift, and go to state 52
    COLON	shift, and go to state 53
    CHAR	shift, and go to state 108
    CLOSE	shift, and go to state 109
    QMARK	shift, and go to state 110
    SPACE	shift, and go to state 111

    char2	go to state 112
    cgroup1	go to state 113
    att_val1	go to state 115



state 90

    attribute  ->  SPACE name eq att_value .   (rule 67)

    $default	reduce using rule 67 (attribute)



state 91

    opt_space  ->  SPACE .   (rule 75)

    $default	reduce using rule 75 (opt_space)



state 92

    end_tag  ->  END name opt_space . CLOSE   (rule 76)

    CLOSE	shift, and go to state 116



state 93

    char  ->  OPEN .   (rule 16)

    $default	reduce using rule 16 (char)



state 94

    char  ->  LETTER .   (rule 13)

    $default	reduce using rule 13 (char)



state 95

    char  ->  DIGIT .   (rule 14)

    $default	reduce using rule 14 (char)



state 96

    comment_content  ->  DASH . char   (rule 53)

    OPEN	shift, and go to state 93
    LETTER	shift, and go to state 94
    DIGIT	shift, and go to state 95
    DOT 	shift, and go to state 34
    USCORE	shift, and go to state 35
    COLON	shift, and go to state 36
    CHAR	shift, and go to state 97
    CLOSE	shift, and go to state 98
    QMARK	shift, and go to state 99

    char	go to state 117
    cgroup2	go to state 102



state 97

    char  ->  CHAR .   (rule 18)

    $default	reduce using rule 18 (char)



state 98

    char  ->  CLOSE .   (rule 17)

    $default	reduce using rule 17 (char)



state 99

    char  ->  QMARK .   (rule 19)

    $default	reduce using rule 19 (char)



state 100

    comment_content  ->  SPACE .   (rule 52)

    $default	reduce using rule 52 (comment_content)



state 101

    comment_content  ->  char .   (rule 51)

    $default	reduce using rule 51 (comment_content)



state 102

    char  ->  cgroup2 .   (rule 15)

    $default	reduce using rule 15 (char)



state 103

    comment_content  ->  comment_content . char   (rule 54)
    comment_content  ->  comment_content . SPACE   (rule 55)
    comment_content  ->  comment_content . DASH char   (rule 56)
    comment_content  ->  comment_content . DASH SPACE   (rule 57)
    comment  ->  OPEN BANG @1 DOUBLEDASH comment_content . DOUBLEDASH CLOSE   (rule 59)

    OPEN	shift, and go to state 93
    DOUBLEDASH	shift, and go to state 118
    LETTER	shift, and go to state 94
    DIGIT	shift, and go to state 95
    DASH	shift, and go to state 119
    DOT 	shift, and go to state 34
    USCORE	shift, and go to state 35
    COLON	shift, and go to state 36
    CHAR	shift, and go to state 97
    CLOSE	shift, and go to state 98
    QMARK	shift, and go to state 99
    SPACE	shift, and go to state 120

    char	go to state 121
    cgroup2	go to state 102



state 104

    pi  ->  pi_start name SPACE cdata QCLOSE .   (rule 11)

    $default	reduce using rule 11 (pi)



state 105

    eq  ->  SPACE EQ SPACE .   (rule 7)

    $default	reduce using rule 7 (eq)



state 106

    char2  ->  LETTER .   (rule 26)

    $default	reduce using rule 26 (char2)



state 107

    char2  ->  DIGIT .   (rule 27)

    $default	reduce using rule 27 (char2)



state 108

    char2  ->  CHAR .   (rule 30)

    $default	reduce using rule 30 (char2)



state 109

    char2  ->  CLOSE .   (rule 29)

    $default	reduce using rule 29 (char2)



state 110

    char2  ->  QMARK .   (rule 31)

    $default	reduce using rule 31 (char2)



state 111

    att_val1  ->  SPACE .   (rule 71)

    $default	reduce using rule 71 (att_val1)



state 112

    att_val1  ->  char2 .   (rule 70)

    $default	reduce using rule 70 (att_val1)



state 113

    char2  ->  cgroup1 .   (rule 28)

    $default	reduce using rule 28 (char2)



state 114

    att_value  ->  SQ att_val1 . SQ   (rule 68)
    att_val1  ->  att_val1 . char2   (rule 72)
    att_val1  ->  att_val1 . SPACE   (rule 73)

    LETTER	shift, and go to state 106
    DIGIT	shift, and go to state 107
    SQ  	shift, and go to state 122
    DASH	shift, and go to state 50
    DOT 	shift, and go to state 51
    USCORE	shift, and go to state 52
    COLON	shift, and go to state 53
    CHAR	shift, and go to state 108
    CLOSE	shift, and go to state 109
    QMARK	shift, and go to state 110
    SPACE	shift, and go to state 123

    char2	go to state 124
    cgroup1	go to state 113



state 115

    att_value  ->  DQ att_val1 . DQ   (rule 69)
    att_val1  ->  att_val1 . char2   (rule 72)
    att_val1  ->  att_val1 . SPACE   (rule 73)

    LETTER	shift, and go to state 106
    DIGIT	shift, and go to state 107
    DQ  	shift, and go to state 125
    DASH	shift, and go to state 50
    DOT 	shift, and go to state 51
    USCORE	shift, and go to state 52
    COLON	shift, and go to state 53
    CHAR	shift, and go to state 108
    CLOSE	shift, and go to state 109
    QMARK	shift, and go to state 110
    SPACE	shift, and go to state 123

    char2	go to state 124
    cgroup1	go to state 113



state 116

    end_tag  ->  END name opt_space CLOSE .   (rule 76)

    $default	reduce using rule 76 (end_tag)



state 117

    comment_content  ->  DASH char .   (rule 53)

    $default	reduce using rule 53 (comment_content)



state 118

    comment  ->  OPEN BANG @1 DOUBLEDASH comment_content DOUBLEDASH . CLOSE   (rule 59)

    CLOSE	shift, and go to state 126



state 119

    comment_content  ->  comment_content DASH . char   (rule 56)
    comment_content  ->  comment_content DASH . SPACE   (rule 57)

    OPEN	shift, and go to state 93
    LETTER	shift, and go to state 94
    DIGIT	shift, and go to state 95
    DOT 	shift, and go to state 34
    USCORE	shift, and go to state 35
    COLON	shift, and go to state 36
    CHAR	shift, and go to state 97
    CLOSE	shift, and go to state 98
    QMARK	shift, and go to state 99
    SPACE	shift, and go to state 127

    char	go to state 128
    cgroup2	go to state 102



state 120

    comment_content  ->  comment_content SPACE .   (rule 55)

    $default	reduce using rule 55 (comment_content)



state 121

    comment_content  ->  comment_content char .   (rule 54)

    $default	reduce using rule 54 (comment_content)



state 122

    att_value  ->  SQ att_val1 SQ .   (rule 68)

    $default	reduce using rule 68 (att_value)



state 123

    att_val1  ->  att_val1 SPACE .   (rule 73)

    $default	reduce using rule 73 (att_val1)



state 124

    att_val1  ->  att_val1 char2 .   (rule 72)

    $default	reduce using rule 72 (att_val1)



state 125

    att_value  ->  DQ att_val1 DQ .   (rule 69)

    $default	reduce using rule 69 (att_value)



state 126

    comment  ->  OPEN BANG @1 DOUBLEDASH comment_content DOUBLEDASH CLOSE .   (rule 59)

    $default	reduce using rule 59 (comment)



state 127

    comment_content  ->  comment_content DASH SPACE .   (rule 57)

    $default	reduce using rule 57 (comment_content)



state 128

    comment_content  ->  comment_content DASH char .   (rule 56)

    $default	reduce using rule 56 (comment_content)



state 129

    $   	go to state 130



state 130

    $   	go to state 131



state 131

    $default	accept


